2019-05-01 16:55:16,015 [main] [INFO ] [MoneyTransferServiceLoader] loadConfig(): Loading config file: application.properties
2019-05-01 16:55:42,738 [qtp913190639-16] [DEBUG] [CustomerAccountDAO] Retrieve Account By Id: Account [accountNumber=1, accountHolderName=Avanish, accountBalance=100.0000]
2019-05-01 16:55:55,978 [qtp913190639-20] [DEBUG] [CustomerAccountDAO] updateAccountBalance from Account: Account [accountNumber=1, accountHolderName=Avanish, accountBalance=100.0000]
2019-05-01 16:55:55,981 [qtp913190639-20] [DEBUG] [CustomerAccountDAO] New AccountBalance after Update: Account [accountNumber=1, accountHolderName=Avanish, accountBalance=100.0000]
2019-05-01 16:55:55,981 [qtp913190639-20] [DEBUG] [CustomerAccountDAO] Retrieve Account By Id: Account [accountNumber=1, accountHolderName=Avanish, accountBalance=110.0000]
2019-05-01 16:59:48,224 [main] [INFO ] [MoneyTransferServiceLoader] loadConfig(): Loading config file: application.properties
2019-05-01 16:59:55,100 [qtp913190639-17] [DEBUG] [CustomerAccountDAO] updateAccountBalance from Account: Account [accountNumber=1, accountHolderName=Avanish, accountBalance=100.0000]
2019-05-01 16:59:55,104 [qtp913190639-17] [DEBUG] [CustomerAccountDAO] New AccountBalance after Update: Account [accountNumber=1, accountHolderName=Avanish, accountBalance=100.0000]
2019-05-01 16:59:55,105 [qtp913190639-17] [DEBUG] [CustomerAccountDAO] Retrieve Account By Id: Account [accountNumber=1, accountHolderName=Avanish, accountBalance=110.0000]
2019-05-01 17:04:10,490 [main] [INFO ] [MoneyTransferServiceLoader] loadConfig(): Loading config file: application.properties
2019-05-01 17:04:42,522 [qtp913190639-20] [DEBUG] [CustomerAccountDAO] updateAccountBalance from Account: Account [accountNumber=1, accountHolderName=Avanish, accountBalance=100.0000]
2019-05-01 17:04:42,526 [qtp913190639-20] [DEBUG] [CustomerAccountDAO] New AccountBalance after Update: Account [accountNumber=1, accountHolderName=Avanish, accountBalance=100.0000]
2019-05-01 17:04:42,527 [qtp913190639-20] [DEBUG] [CustomerAccountDAO] Retrieve Account By Id: Account [accountNumber=1, accountHolderName=Avanish, accountBalance=110.0000]
2019-05-01 17:16:37,688 [main] [INFO ] [MoneyTransferServiceLoader] loadConfig(): Loading config file: application.properties
2019-05-01 17:17:03,152 [qtp913190639-16] [DEBUG] [CustomerAccountDAO] Retrieve Account By Id: Account [accountNumber=1, accountHolderName=Avanish, accountBalance=100.0000]
2019-05-01 17:17:13,563 [qtp913190639-19] [DEBUG] [CustomerAccountDAO] updateAccountBalance from Account: Account [accountNumber=1, accountHolderName=Avanish, accountBalance=100.0000]
2019-05-01 17:17:13,567 [qtp913190639-19] [DEBUG] [CustomerAccountDAO] New AccountBalance after Update: Account [accountNumber=1, accountHolderName=Avanish, accountBalance=100.0000]
2019-05-01 17:17:13,568 [qtp913190639-19] [DEBUG] [CustomerAccountDAO] Retrieve Account By Id: Account [accountNumber=1, accountHolderName=Avanish, accountBalance=110.0000]
2019-05-01 17:17:30,152 [qtp913190639-16] [DEBUG] [AccountService] Withdraw service: delta change to account  -30 Account ID = 1
2019-05-01 17:17:30,154 [qtp913190639-16] [DEBUG] [CustomerAccountDAO] updateAccountBalance from Account: Account [accountNumber=1, accountHolderName=Avanish, accountBalance=110.0000]
2019-05-01 17:17:30,154 [qtp913190639-16] [DEBUG] [CustomerAccountDAO] New AccountBalance after Update: Account [accountNumber=1, accountHolderName=Avanish, accountBalance=110.0000]
2019-05-01 17:17:30,155 [qtp913190639-16] [DEBUG] [CustomerAccountDAO] Retrieve Account By Id: Account [accountNumber=1, accountHolderName=Avanish, accountBalance=80.0000]
2019-05-01 17:17:43,936 [qtp913190639-20] [DEBUG] [CustomerAccountDAO] transferAccountBalance from Account: Account [accountNumber=1, accountHolderName=Avanish, accountBalance=80.0000]
2019-05-01 17:17:43,936 [qtp913190639-20] [DEBUG] [CustomerAccountDAO] transferAccountBalance to Account: Account [accountNumber=2, accountHolderName=Kumar, accountBalance=200.0000]
2019-05-01 17:17:43,949 [qtp913190639-20] [DEBUG] [CustomerAccountDAO] Number of rows updated for the transfer : 2
2019-05-01 17:34:06,204 [com.restAPI.moneytransferservice.main.MoneyTransferApplication.main()] [INFO ] [MoneyTransferServiceLoader] loadConfig(): Loading config file: application.properties
2019-05-01 17:45:16,670 [main] [INFO ] [MoneyTransferServiceLoader] loadConfig(): Loading config file: application.properties
2019-05-01 17:46:19,482 [qtp586617651-18] [DEBUG] [CustomerAccountDAO] transferAccountBalance from Account: Account [accountNumber=1, accountHolderName=Avanish, accountBalance=100.0000]
2019-05-01 17:46:19,482 [qtp586617651-18] [DEBUG] [CustomerAccountDAO] transferAccountBalance to Account: Account [accountNumber=2, accountHolderName=Kumar, accountBalance=200.0000]
2019-05-01 17:46:19,492 [qtp586617651-18] [DEBUG] [CustomerAccountDAO] Number of rows updated for the transfer : 2
